This file contains any messages produced by compilers while
running configure, to aid debugging if configure makes a mistake.

It was created by configure, which was
generated by GNU Autoconf 2.61.  Invocation command line was

  $ ./configure --prefix=/root/OSS/xerces/devel

## --------- ##
## Platform. ##
## --------- ##

hostname = ACCOPS-SCAS
uname -m = x86_64
uname -r = 3.10.0-693.el7.x86_64
uname -s = Linux
uname -v = #1 SMP Tue Aug 22 21:09:27 UTC 2017

/usr/bin/uname -p = x86_64
/bin/uname -X     = unknown

/bin/arch              = x86_64
/usr/bin/arch -k       = unknown
/usr/convex/getsysinfo = unknown
/usr/bin/hostinfo      = unknown
/bin/machine           = unknown
/usr/bin/oslevel       = unknown
/bin/universe          = unknown

PATH: /opt/sonarqube/sonar-scanner/bin
PATH: /usr/lib64/ccache
PATH: /usr/local/sbin
PATH: /usr/local/bin
PATH: /usr/sbin
PATH: /usr/bin
PATH: /root/bin
PATH: /opt/sonar/sonar-scanner/bin


## ----------- ##
## Core tests. ##
## ----------- ##

configure:1765: checking for gcc
configure:1781: found /usr/lib64/ccache/gcc
configure:1792: result: gcc
configure:2030: checking for C compiler version
configure:2037: gcc --version >&5
gcc (GCC) 4.8.5 20150623 (Red Hat 4.8.5-28)
Copyright (C) 2015 Free Software Foundation, Inc.
This is free software; see the source for copying conditions.  There is NO
warranty; not even for MERCHANTABILITY or FITNESS FOR A PARTICULAR PURPOSE.

configure:2040: $? = 0
configure:2047: gcc -v >&5
Using built-in specs.
COLLECT_GCC=/usr/bin/gcc
COLLECT_LTO_WRAPPER=/usr/libexec/gcc/x86_64-redhat-linux/4.8.5/lto-wrapper
Target: x86_64-redhat-linux
Configured with: ../configure --prefix=/usr --mandir=/usr/share/man --infodir=/usr/share/info --with-bugurl=http://bugzilla.redhat.com/bugzilla --enable-bootstrap --enable-shared --enable-threads=posix --enable-checking=release --with-system-zlib --enable-__cxa_atexit --disable-libunwind-exceptions --enable-gnu-unique-object --enable-linker-build-id --with-linker-hash-style=gnu --enable-languages=c,c++,objc,obj-c++,java,fortran,ada,go,lto --enable-plugin --enable-initfini-array --disable-libgcj --with-isl=/builddir/build/BUILD/gcc-4.8.5-20150702/obj-x86_64-redhat-linux/isl-install --with-cloog=/builddir/build/BUILD/gcc-4.8.5-20150702/obj-x86_64-redhat-linux/cloog-install --enable-gnu-indirect-function --with-tune=generic --with-arch_32=x86-64 --build=x86_64-redhat-linux
Thread model: posix
gcc version 4.8.5 20150623 (Red Hat 4.8.5-28) (GCC) 
configure:2050: $? = 0
configure:2057: gcc -V >&5
gcc: error: unrecognized command line option '-V'
gcc: fatal error: no input files
compilation terminated.
configure:2060: $? = 4
configure:2083: checking for C compiler default output file name
configure:2110: gcc   -w -O2 -DNDEBUG -DPROJ_XMLPARSER  -DPROJ_XMLUTIL  -DPROJ_PARSERS  -DPROJ_SAX4C  -DPROJ_SAX2  -DPROJ_DOM -DPROJ_DEPRECATED_DOM -DPROJ_VALIDATORS -DXML_USE_NATIVE_TRANSCODER -DXML_USE_INMEM_MESSAGELOADER -DXML_USE_PTHREADS -DXML_USE_NETACCESSOR_SOCKET   -DXML_BITSTOBUILD_64       conftest.c   -lpthread  >&5
configure:2113: $? = 0
configure:2151: result: a.out
configure:2168: checking whether the C compiler works
configure:2178: ./a.out
configure:2181: $? = 0
configure:2198: result: yes
configure:2205: checking whether we are cross compiling
configure:2207: result: no
configure:2210: checking for suffix of executables
configure:2217: gcc -o conftest   -w -O2 -DNDEBUG -DPROJ_XMLPARSER  -DPROJ_XMLUTIL  -DPROJ_PARSERS  -DPROJ_SAX4C  -DPROJ_SAX2  -DPROJ_DOM -DPROJ_DEPRECATED_DOM -DPROJ_VALIDATORS -DXML_USE_NATIVE_TRANSCODER -DXML_USE_INMEM_MESSAGELOADER -DXML_USE_PTHREADS -DXML_USE_NETACCESSOR_SOCKET   -DXML_BITSTOBUILD_64       conftest.c   -lpthread  >&5
configure:2220: $? = 0
configure:2244: result: 
configure:2250: checking for suffix of object files
configure:2276: gcc -c   -w -O2 -DNDEBUG -DPROJ_XMLPARSER  -DPROJ_XMLUTIL  -DPROJ_PARSERS  -DPROJ_SAX4C  -DPROJ_SAX2  -DPROJ_DOM -DPROJ_DEPRECATED_DOM -DPROJ_VALIDATORS -DXML_USE_NATIVE_TRANSCODER -DXML_USE_INMEM_MESSAGELOADER -DXML_USE_PTHREADS -DXML_USE_NETACCESSOR_SOCKET   -DXML_BITSTOBUILD_64   conftest.c >&5
configure:2279: $? = 0
configure:2302: result: o
configure:2306: checking whether we are using the GNU C compiler
configure:2335: gcc -c   -w -O2 -DNDEBUG -DPROJ_XMLPARSER  -DPROJ_XMLUTIL  -DPROJ_PARSERS  -DPROJ_SAX4C  -DPROJ_SAX2  -DPROJ_DOM -DPROJ_DEPRECATED_DOM -DPROJ_VALIDATORS -DXML_USE_NATIVE_TRANSCODER -DXML_USE_INMEM_MESSAGELOADER -DXML_USE_PTHREADS -DXML_USE_NETACCESSOR_SOCKET   -DXML_BITSTOBUILD_64   conftest.c >&5
configure:2341: $? = 0
configure:2358: result: yes
configure:2363: checking whether gcc accepts -g
configure:2393: gcc -c -g  conftest.c >&5
configure:2399: $? = 0
configure:2498: result: yes
configure:2515: checking for gcc option to accept ISO C89
configure:2589: gcc  -c   -w -O2 -DNDEBUG -DPROJ_XMLPARSER  -DPROJ_XMLUTIL  -DPROJ_PARSERS  -DPROJ_SAX4C  -DPROJ_SAX2  -DPROJ_DOM -DPROJ_DEPRECATED_DOM -DPROJ_VALIDATORS -DXML_USE_NATIVE_TRANSCODER -DXML_USE_INMEM_MESSAGELOADER -DXML_USE_PTHREADS -DXML_USE_NETACCESSOR_SOCKET   -DXML_BITSTOBUILD_64   conftest.c >&5
configure:2595: $? = 0
configure:2618: result: none needed
configure:2694: checking for g++
configure:2710: found /usr/lib64/ccache/g++
configure:2721: result: g++
configure:2752: checking for C++ compiler version
configure:2759: g++ --version >&5
g++ (GCC) 4.8.5 20150623 (Red Hat 4.8.5-28)
Copyright (C) 2015 Free Software Foundation, Inc.
This is free software; see the source for copying conditions.  There is NO
warranty; not even for MERCHANTABILITY or FITNESS FOR A PARTICULAR PURPOSE.

configure:2762: $? = 0
configure:2769: g++ -v >&5
Using built-in specs.
COLLECT_GCC=/usr/bin/g++
COLLECT_LTO_WRAPPER=/usr/libexec/gcc/x86_64-redhat-linux/4.8.5/lto-wrapper
Target: x86_64-redhat-linux
Configured with: ../configure --prefix=/usr --mandir=/usr/share/man --infodir=/usr/share/info --with-bugurl=http://bugzilla.redhat.com/bugzilla --enable-bootstrap --enable-shared --enable-threads=posix --enable-checking=release --with-system-zlib --enable-__cxa_atexit --disable-libunwind-exceptions --enable-gnu-unique-object --enable-linker-build-id --with-linker-hash-style=gnu --enable-languages=c,c++,objc,obj-c++,java,fortran,ada,go,lto --enable-plugin --enable-initfini-array --disable-libgcj --with-isl=/builddir/build/BUILD/gcc-4.8.5-20150702/obj-x86_64-redhat-linux/isl-install --with-cloog=/builddir/build/BUILD/gcc-4.8.5-20150702/obj-x86_64-redhat-linux/cloog-install --enable-gnu-indirect-function --with-tune=generic --with-arch_32=x86-64 --build=x86_64-redhat-linux
Thread model: posix
gcc version 4.8.5 20150623 (Red Hat 4.8.5-28) (GCC) 
configure:2772: $? = 0
configure:2779: g++ -V >&5
g++: error: unrecognized command line option '-V'
g++: fatal error: no input files
compilation terminated.
configure:2782: $? = 4
configure:2785: checking whether we are using the GNU C++ compiler
configure:2814: g++ -c   -w -O2 -DNDEBUG -DPROJ_XMLPARSER  -DPROJ_XMLUTIL  -DPROJ_PARSERS  -DPROJ_SAX4C  -DPROJ_SAX2  -DPROJ_DOM -DPROJ_DEPRECATED_DOM -DPROJ_VALIDATORS -DXML_USE_NATIVE_TRANSCODER -DXML_USE_INMEM_MESSAGELOADER -DXML_USE_PTHREADS -DXML_USE_NETACCESSOR_SOCKET  -DXML_BITSTOBUILD_64   conftest.cpp >&5
configure:2820: $? = 0
configure:2837: result: yes
configure:2842: checking whether g++ accepts -g
configure:2872: g++ -c -g  conftest.cpp >&5
configure:2878: $? = 0
configure:2977: result: yes
configure:3044: checking for a BSD-compatible install
configure:3100: result: /usr/bin/install -c
configure:3113: checking for autoconf
configure:3129: found /usr/bin/autoconf
configure:3141: result: autoconf
configure:3157: checking how to run the C preprocessor
configure:3197: gcc -E  conftest.c
configure:3203: $? = 0
configure:3234: gcc -E  conftest.c
conftest.c:8:28: fatal error: ac_nonexistent.h: No such file or directory
 #include <ac_nonexistent.h>
                            ^
compilation terminated.
configure:3240: $? = 1
configure: failed program was:
| /* confdefs.h.  */
| #define PACKAGE_NAME ""
| #define PACKAGE_TARNAME ""
| #define PACKAGE_VERSION ""
| #define PACKAGE_STRING ""
| #define PACKAGE_BUGREPORT ""
| /* end confdefs.h.  */
| #include <ac_nonexistent.h>
configure:3273: result: gcc -E
configure:3302: gcc -E  conftest.c
configure:3308: $? = 0
configure:3339: gcc -E  conftest.c
conftest.c:8:28: fatal error: ac_nonexistent.h: No such file or directory
 #include <ac_nonexistent.h>
                            ^
compilation terminated.
configure:3345: $? = 1
configure: failed program was:
| /* confdefs.h.  */
| #define PACKAGE_NAME ""
| #define PACKAGE_TARNAME ""
| #define PACKAGE_VERSION ""
| #define PACKAGE_STRING ""
| #define PACKAGE_BUGREPORT ""
| /* end confdefs.h.  */
| #include <ac_nonexistent.h>
configure:3383: checking for grep that handles long lines and -e
configure:3457: result: /usr/bin/grep
configure:3462: checking for egrep
configure:3540: result: /usr/bin/grep -E
configure:3545: checking for ANSI C header files
configure:3575: gcc -c   -w -O2 -DNDEBUG -DPROJ_XMLPARSER  -DPROJ_XMLUTIL  -DPROJ_PARSERS  -DPROJ_SAX4C  -DPROJ_SAX2  -DPROJ_DOM -DPROJ_DEPRECATED_DOM -DPROJ_VALIDATORS -DXML_USE_NATIVE_TRANSCODER -DXML_USE_INMEM_MESSAGELOADER -DXML_USE_PTHREADS -DXML_USE_NETACCESSOR_SOCKET   -DXML_BITSTOBUILD_64   conftest.c >&5
configure:3581: $? = 0
configure:3680: gcc -o conftest   -w -O2 -DNDEBUG -DPROJ_XMLPARSER  -DPROJ_XMLUTIL  -DPROJ_PARSERS  -DPROJ_SAX4C  -DPROJ_SAX2  -DPROJ_DOM -DPROJ_DEPRECATED_DOM -DPROJ_VALIDATORS -DXML_USE_NATIVE_TRANSCODER -DXML_USE_INMEM_MESSAGELOADER -DXML_USE_PTHREADS -DXML_USE_NETACCESSOR_SOCKET   -DXML_BITSTOBUILD_64       conftest.c   -lpthread  >&5
configure:3683: $? = 0
configure:3689: ./conftest
configure:3692: $? = 0
configure:3709: result: yes
configure:3733: checking for sys/types.h
configure:3754: gcc -c   -w -O2 -DNDEBUG -DPROJ_XMLPARSER  -DPROJ_XMLUTIL  -DPROJ_PARSERS  -DPROJ_SAX4C  -DPROJ_SAX2  -DPROJ_DOM -DPROJ_DEPRECATED_DOM -DPROJ_VALIDATORS -DXML_USE_NATIVE_TRANSCODER -DXML_USE_INMEM_MESSAGELOADER -DXML_USE_PTHREADS -DXML_USE_NETACCESSOR_SOCKET   -DXML_BITSTOBUILD_64   conftest.c >&5
configure:3760: $? = 0
configure:3776: result: yes
configure:3733: checking for sys/stat.h
configure:3754: gcc -c   -w -O2 -DNDEBUG -DPROJ_XMLPARSER  -DPROJ_XMLUTIL  -DPROJ_PARSERS  -DPROJ_SAX4C  -DPROJ_SAX2  -DPROJ_DOM -DPROJ_DEPRECATED_DOM -DPROJ_VALIDATORS -DXML_USE_NATIVE_TRANSCODER -DXML_USE_INMEM_MESSAGELOADER -DXML_USE_PTHREADS -DXML_USE_NETACCESSOR_SOCKET   -DXML_BITSTOBUILD_64   conftest.c >&5
configure:3760: $? = 0
configure:3776: result: yes
configure:3733: checking for stdlib.h
configure:3754: gcc -c   -w -O2 -DNDEBUG -DPROJ_XMLPARSER  -DPROJ_XMLUTIL  -DPROJ_PARSERS  -DPROJ_SAX4C  -DPROJ_SAX2  -DPROJ_DOM -DPROJ_DEPRECATED_DOM -DPROJ_VALIDATORS -DXML_USE_NATIVE_TRANSCODER -DXML_USE_INMEM_MESSAGELOADER -DXML_USE_PTHREADS -DXML_USE_NETACCESSOR_SOCKET   -DXML_BITSTOBUILD_64   conftest.c >&5
configure:3760: $? = 0
configure:3776: result: yes
configure:3733: checking for string.h
configure:3754: gcc -c   -w -O2 -DNDEBUG -DPROJ_XMLPARSER  -DPROJ_XMLUTIL  -DPROJ_PARSERS  -DPROJ_SAX4C  -DPROJ_SAX2  -DPROJ_DOM -DPROJ_DEPRECATED_DOM -DPROJ_VALIDATORS -DXML_USE_NATIVE_TRANSCODER -DXML_USE_INMEM_MESSAGELOADER -DXML_USE_PTHREADS -DXML_USE_NETACCESSOR_SOCKET   -DXML_BITSTOBUILD_64   conftest.c >&5
configure:3760: $? = 0
configure:3776: result: yes
configure:3733: checking for memory.h
configure:3754: gcc -c   -w -O2 -DNDEBUG -DPROJ_XMLPARSER  -DPROJ_XMLUTIL  -DPROJ_PARSERS  -DPROJ_SAX4C  -DPROJ_SAX2  -DPROJ_DOM -DPROJ_DEPRECATED_DOM -DPROJ_VALIDATORS -DXML_USE_NATIVE_TRANSCODER -DXML_USE_INMEM_MESSAGELOADER -DXML_USE_PTHREADS -DXML_USE_NETACCESSOR_SOCKET   -DXML_BITSTOBUILD_64   conftest.c >&5
configure:3760: $? = 0
configure:3776: result: yes
configure:3733: checking for strings.h
configure:3754: gcc -c   -w -O2 -DNDEBUG -DPROJ_XMLPARSER  -DPROJ_XMLUTIL  -DPROJ_PARSERS  -DPROJ_SAX4C  -DPROJ_SAX2  -DPROJ_DOM -DPROJ_DEPRECATED_DOM -DPROJ_VALIDATORS -DXML_USE_NATIVE_TRANSCODER -DXML_USE_INMEM_MESSAGELOADER -DXML_USE_PTHREADS -DXML_USE_NETACCESSOR_SOCKET   -DXML_BITSTOBUILD_64   conftest.c >&5
configure:3760: $? = 0
configure:3776: result: yes
configure:3733: checking for inttypes.h
configure:3754: gcc -c   -w -O2 -DNDEBUG -DPROJ_XMLPARSER  -DPROJ_XMLUTIL  -DPROJ_PARSERS  -DPROJ_SAX4C  -DPROJ_SAX2  -DPROJ_DOM -DPROJ_DEPRECATED_DOM -DPROJ_VALIDATORS -DXML_USE_NATIVE_TRANSCODER -DXML_USE_INMEM_MESSAGELOADER -DXML_USE_PTHREADS -DXML_USE_NETACCESSOR_SOCKET   -DXML_BITSTOBUILD_64   conftest.c >&5
configure:3760: $? = 0
configure:3776: result: yes
configure:3733: checking for stdint.h
configure:3754: gcc -c   -w -O2 -DNDEBUG -DPROJ_XMLPARSER  -DPROJ_XMLUTIL  -DPROJ_PARSERS  -DPROJ_SAX4C  -DPROJ_SAX2  -DPROJ_DOM -DPROJ_DEPRECATED_DOM -DPROJ_VALIDATORS -DXML_USE_NATIVE_TRANSCODER -DXML_USE_INMEM_MESSAGELOADER -DXML_USE_PTHREADS -DXML_USE_NETACCESSOR_SOCKET   -DXML_BITSTOBUILD_64   conftest.c >&5
configure:3760: $? = 0
configure:3776: result: yes
configure:3733: checking for unistd.h
configure:3754: gcc -c   -w -O2 -DNDEBUG -DPROJ_XMLPARSER  -DPROJ_XMLUTIL  -DPROJ_PARSERS  -DPROJ_SAX4C  -DPROJ_SAX2  -DPROJ_DOM -DPROJ_DEPRECATED_DOM -DPROJ_VALIDATORS -DXML_USE_NATIVE_TRANSCODER -DXML_USE_INMEM_MESSAGELOADER -DXML_USE_PTHREADS -DXML_USE_NETACCESSOR_SOCKET   -DXML_BITSTOBUILD_64   conftest.c >&5
configure:3760: $? = 0
configure:3776: result: yes
configure:3788: checking for XMLByte
configure:3818: gcc -c   -w -O2 -DNDEBUG -DPROJ_XMLPARSER  -DPROJ_XMLUTIL  -DPROJ_PARSERS  -DPROJ_SAX4C  -DPROJ_SAX2  -DPROJ_DOM -DPROJ_DEPRECATED_DOM -DPROJ_VALIDATORS -DXML_USE_NATIVE_TRANSCODER -DXML_USE_INMEM_MESSAGELOADER -DXML_USE_PTHREADS -DXML_USE_NETACCESSOR_SOCKET   -DXML_BITSTOBUILD_64   conftest.c >&5
conftest.c:51:1: error: unknown type name 'XMLByte'
 typedef XMLByte ac__type_new_;
 ^
configure:3824: $? = 1
configure: failed program was:
| /* confdefs.h.  */
| #define PACKAGE_NAME ""
| #define PACKAGE_TARNAME ""
| #define PACKAGE_VERSION ""
| #define PACKAGE_STRING ""
| #define PACKAGE_BUGREPORT ""
| #define STDC_HEADERS 1
| #define HAVE_SYS_TYPES_H 1
| #define HAVE_SYS_STAT_H 1
| #define HAVE_STDLIB_H 1
| #define HAVE_STRING_H 1
| #define HAVE_MEMORY_H 1
| #define HAVE_STRINGS_H 1
| #define HAVE_INTTYPES_H 1
| #define HAVE_STDINT_H 1
| #define HAVE_UNISTD_H 1
| /* end confdefs.h.  */
| #include <stdio.h>
| #ifdef HAVE_SYS_TYPES_H
| # include <sys/types.h>
| #endif
| #ifdef HAVE_SYS_STAT_H
| # include <sys/stat.h>
| #endif
| #ifdef STDC_HEADERS
| # include <stdlib.h>
| # include <stddef.h>
| #else
| # ifdef HAVE_STDLIB_H
| #  include <stdlib.h>
| # endif
| #endif
| #ifdef HAVE_STRING_H
| # if !defined STDC_HEADERS && defined HAVE_MEMORY_H
| #  include <memory.h>
| # endif
| # include <string.h>
| #endif
| #ifdef HAVE_STRINGS_H
| # include <strings.h>
| #endif
| #ifdef HAVE_INTTYPES_H
| # include <inttypes.h>
| #endif
| #ifdef HAVE_STDINT_H
| # include <stdint.h>
| #endif
| #ifdef HAVE_UNISTD_H
| # include <unistd.h>
| #endif
| typedef XMLByte ac__type_new_;
| int
| main ()
| {
| if ((ac__type_new_ *) 0)
|   return 0;
| if (sizeof (ac__type_new_))
|   return 0;
|   ;
|   return 0;
| }
configure:3839: result: no
configure:3858: checking build system type
configure:3876: result: x86_64-unknown-linux-gnu
configure:3898: checking host system type
configure:3913: result: x86_64-unknown-linux-gnu
configure:4161: creating ./config.status

## ---------------------- ##
## Running config.status. ##
## ---------------------- ##

This file was extended by config.status, which was
generated by GNU Autoconf 2.61.  Invocation command line was

  CONFIG_FILES    = 
  CONFIG_HEADERS  = 
  CONFIG_LINKS    = 
  CONFIG_COMMANDS = 
  $ ./config.status 

on ACCOPS-SCAS

config.status:678: creating Makefile
config.status:678: creating util/Makefile
config.status:678: creating util/Transcoders/Cygwin/Makefile
config.status:678: creating util/Transcoders/Win32/Makefile
config.status:678: creating util/Transcoders/ICU/Makefile
config.status:678: creating util/Transcoders/Iconv/Makefile
config.status:678: creating util/Transcoders/Iconv390/Makefile
config.status:678: creating util/Transcoders/Uniconv390/Makefile
config.status:678: creating util/Transcoders/Iconv400/Makefile
config.status:678: creating util/Transcoders/IconvFBSD/Makefile
config.status:678: creating util/Transcoders/IconvGNU/Makefile
config.status:678: creating util/Transcoders/MacOSUnicodeConverter/Makefile
config.status:678: creating util/Platforms/Makefile
config.status:678: creating util/Platforms/Solaris/Makefile
config.status:678: creating util/Platforms/AIX/Makefile
config.status:678: creating util/Platforms/BeOS/Makefile
config.status:678: creating util/Platforms/QNX/Makefile
config.status:678: creating util/Platforms/Linux/Makefile
config.status:678: creating util/Platforms/FreeBSD/Makefile
config.status:678: creating util/Platforms/NetBSD/Makefile
config.status:678: creating util/Platforms/HPUX/Makefile
config.status:678: creating util/Platforms/OS390/Makefile
config.status:678: creating util/Platforms/OS400/Makefile
config.status:678: creating util/Platforms/IRIX/Makefile
config.status:678: creating util/Platforms/PTX/Makefile
config.status:678: creating util/Platforms/OpenServer/Makefile
config.status:678: creating util/Platforms/UnixWare/Makefile
config.status:678: creating util/Platforms/Tru64/Makefile
config.status:678: creating util/Platforms/MacOS/Makefile
config.status:678: creating util/Platforms/Win32/Makefile
config.status:678: creating util/Platforms/Cygwin/Makefile
config.status:678: creating util/Compilers/Makefile
config.status:678: creating util/MsgLoaders/InMemory/Makefile
config.status:678: creating util/MsgLoaders/ICU/Makefile
config.status:678: creating util/MsgLoaders/ICU/resources/Makefile
config.status:678: creating util/MsgLoaders/MsgCatalog/Makefile
config.status:678: creating util/MsgLoaders/MsgFile/Makefile
config.status:678: creating util/NetAccessors/Socket/Makefile
config.status:678: creating util/NetAccessors/WinSock/Makefile
config.status:678: creating util/NetAccessors/libWWW/Makefile
config.status:678: creating util/NetAccessors/MacOSURLAccessCF/Makefile
config.status:678: creating util/regx/Makefile
config.status:678: creating validators/Makefile
config.status:678: creating validators/common/Makefile
config.status:678: creating validators/datatype/Makefile
config.status:678: creating validators/DTD/Makefile
config.status:678: creating validators/schema/Makefile
config.status:678: creating validators/schema/identity/Makefile
config.status:678: creating framework/Makefile
config.status:678: creating framework/psvi/Makefile
config.status:678: creating dom/Makefile
config.status:678: creating dom/impl/Makefile
config.status:678: creating dom/deprecated/Makefile
config.status:678: creating parsers/Makefile
config.status:678: creating internal/Makefile
config.status:678: creating sax/Makefile
config.status:678: creating sax2/Makefile
config.status:678: creating ../../obj/Makefile
config.status:863: executing default commands

## ---------------- ##
## Cache variables. ##
## ---------------- ##

ac_cv_build=x86_64-unknown-linux-gnu
ac_cv_c_compiler_gnu=yes
ac_cv_cxx_compiler_gnu=yes
ac_cv_env_CCC_set=
ac_cv_env_CCC_value=
ac_cv_env_CC_set=set
ac_cv_env_CC_value=
ac_cv_env_CFLAGS_set=set
ac_cv_env_CFLAGS_value='  -w -O2 -DNDEBUG -DPROJ_XMLPARSER  -DPROJ_XMLUTIL  -DPROJ_PARSERS  -DPROJ_SAX4C  -DPROJ_SAX2  -DPROJ_DOM -DPROJ_DEPRECATED_DOM -DPROJ_VALIDATORS -DXML_USE_NATIVE_TRANSCODER -DXML_USE_INMEM_MESSAGELOADER -DXML_USE_PTHREADS -DXML_USE_NETACCESSOR_SOCKET   -DXML_BITSTOBUILD_64 '
ac_cv_env_CPPFLAGS_set=
ac_cv_env_CPPFLAGS_value=
ac_cv_env_CPP_set=
ac_cv_env_CPP_value=
ac_cv_env_CXXFLAGS_set=set
ac_cv_env_CXXFLAGS_value='  -w -O2 -DNDEBUG -DPROJ_XMLPARSER  -DPROJ_XMLUTIL  -DPROJ_PARSERS  -DPROJ_SAX4C  -DPROJ_SAX2  -DPROJ_DOM -DPROJ_DEPRECATED_DOM -DPROJ_VALIDATORS -DXML_USE_NATIVE_TRANSCODER -DXML_USE_INMEM_MESSAGELOADER -DXML_USE_PTHREADS -DXML_USE_NETACCESSOR_SOCKET  -DXML_BITSTOBUILD_64 '
ac_cv_env_CXX_set=
ac_cv_env_CXX_value=
ac_cv_env_LDFLAGS_set=set
ac_cv_env_LDFLAGS_value='   '
ac_cv_env_LIBS_set=set
ac_cv_env_LIBS_value='  -lpthread '
ac_cv_env_build_alias_set=
ac_cv_env_build_alias_value=
ac_cv_env_host_alias_set=
ac_cv_env_host_alias_value=
ac_cv_env_target_alias_set=
ac_cv_env_target_alias_value=
ac_cv_header_inttypes_h=yes
ac_cv_header_memory_h=yes
ac_cv_header_stdc=yes
ac_cv_header_stdint_h=yes
ac_cv_header_stdlib_h=yes
ac_cv_header_string_h=yes
ac_cv_header_strings_h=yes
ac_cv_header_sys_stat_h=yes
ac_cv_header_sys_types_h=yes
ac_cv_header_unistd_h=yes
ac_cv_host=x86_64-unknown-linux-gnu
ac_cv_objext=o
ac_cv_path_EGREP='/usr/bin/grep -E'
ac_cv_path_GREP=/usr/bin/grep
ac_cv_path_install='/usr/bin/install -c'
ac_cv_prog_AUTOCONF=autoconf
ac_cv_prog_CPP='gcc -E'
ac_cv_prog_ac_ct_CC=gcc
ac_cv_prog_ac_ct_CXX=g++
ac_cv_prog_cc_c89=
ac_cv_prog_cc_g=yes
ac_cv_prog_cxx_g=yes
ac_cv_type_XMLByte=no

## ----------------- ##
## Output variables. ##
## ----------------- ##

AUTOCONF='autoconf'
CC='gcc'
CFLAGS='  -w -O2 -DNDEBUG -DPROJ_XMLPARSER  -DPROJ_XMLUTIL  -DPROJ_PARSERS  -DPROJ_SAX4C  -DPROJ_SAX2  -DPROJ_DOM -DPROJ_DEPRECATED_DOM -DPROJ_VALIDATORS -DXML_USE_NATIVE_TRANSCODER -DXML_USE_INMEM_MESSAGELOADER -DXML_USE_PTHREADS -DXML_USE_NETACCESSOR_SOCKET   -DXML_BITSTOBUILD_64 '
CPP='gcc -E'
CPPFLAGS=''
CXX='g++'
CXXFLAGS='  -w -O2 -DNDEBUG -DPROJ_XMLPARSER  -DPROJ_XMLUTIL  -DPROJ_PARSERS  -DPROJ_SAX4C  -DPROJ_SAX2  -DPROJ_DOM -DPROJ_DEPRECATED_DOM -DPROJ_VALIDATORS -DXML_USE_NATIVE_TRANSCODER -DXML_USE_INMEM_MESSAGELOADER -DXML_USE_PTHREADS -DXML_USE_NETACCESSOR_SOCKET  -DXML_BITSTOBUILD_64 '
DEFS='-DPACKAGE_NAME=\"\" -DPACKAGE_TARNAME=\"\" -DPACKAGE_VERSION=\"\" -DPACKAGE_STRING=\"\" -DPACKAGE_BUGREPORT=\"\" -DSTDC_HEADERS=1 -DHAVE_SYS_TYPES_H=1 -DHAVE_SYS_STAT_H=1 -DHAVE_STDLIB_H=1 -DHAVE_STRING_H=1 -DHAVE_MEMORY_H=1 -DHAVE_STRINGS_H=1 -DHAVE_INTTYPES_H=1 -DHAVE_STDINT_H=1 -DHAVE_UNISTD_H=1 -DXMLByte=unsigned\ char'
ECHO_C=''
ECHO_N='-n'
ECHO_T=''
EGREP='/usr/bin/grep -E'
EXEEXT=''
GCC='yes'
GREP='/usr/bin/grep'
GXX='yes'
INSTALL_DATA='${INSTALL} -m 644'
INSTALL_PROGRAM='${INSTALL}'
INSTALL_SCRIPT='${INSTALL}'
LDFLAGS='   '
LIBOBJS=''
LIBS='  -lpthread '
LTLIBOBJS=''
OBJEXT='o'
PACKAGE_BUGREPORT=''
PACKAGE_NAME=''
PACKAGE_STRING=''
PACKAGE_TARNAME=''
PACKAGE_VERSION=''
PATH_SEPARATOR=':'
SHELL='/bin/sh'
ac_ct_CC='gcc'
ac_ct_CXX='g++'
bindir='${exec_prefix}/bin'
bitstobuild='64'
build='x86_64-unknown-linux-gnu'
build_alias=''
build_cpu='x86_64'
build_os='linux-gnu'
build_vendor='unknown'
cc='gcc'
cflags='  -w -O2 -DNDEBUG -DPROJ_XMLPARSER  -DPROJ_XMLUTIL  -DPROJ_PARSERS  -DPROJ_SAX4C  -DPROJ_SAX2  -DPROJ_DOM -DPROJ_DEPRECATED_DOM -DPROJ_VALIDATORS -DXML_USE_NATIVE_TRANSCODER -DXML_USE_INMEM_MESSAGELOADER -DXML_USE_PTHREADS -DXML_USE_NETACCESSOR_SOCKET   -DXML_BITSTOBUILD_64 '
cppflags=''
cxx='g++'
cxxflags='  -w -O2 -DNDEBUG -DPROJ_XMLPARSER  -DPROJ_XMLUTIL  -DPROJ_PARSERS  -DPROJ_SAX4C  -DPROJ_SAX2  -DPROJ_DOM -DPROJ_DEPRECATED_DOM -DPROJ_VALIDATORS -DXML_USE_NATIVE_TRANSCODER -DXML_USE_INMEM_MESSAGELOADER -DXML_USE_PTHREADS -DXML_USE_NETACCESSOR_SOCKET  -DXML_BITSTOBUILD_64 '
cxxver=''
datadir='${datarootdir}'
datarootdir='${prefix}/share'
docdir='${datarootdir}/doc/${PACKAGE}'
dvidir='${docdir}'
exec_prefix='${prefix}'
host='x86_64-unknown-linux-gnu'
host_alias=''
host_cpu='x86_64'
host_os='linux-gnu'
host_vendor='unknown'
htmldir='${docdir}'
includedir='${prefix}/include'
infodir='${datarootdir}/info'
ldflags='   '
libdir='${exec_prefix}/lib'
libexecdir='${exec_prefix}/libexec'
libs='  -lpthread '
libtype='shared'
localedir='${datarootdir}/locale'
localstatedir='${prefix}/var'
mandir='${datarootdir}/man'
messageloader='INMEM'
netaccessor='Socket'
oldincludedir='/usr/include'
osver=''
pdfdir='${docdir}'
platform='LINUX'
prefix='/root/OSS/xerces/devel'
prefix_include='${PREFIX}/include/xercesc'
program_transform_name='s,x,x,'
psdir='${docdir}'
sbindir='${exec_prefix}/sbin'
sharedstatedir='${prefix}/com'
sysconfdir='${prefix}/etc'
target_alias=''
threads='pthread'
transcoder='NATIVE'
uselibwww=''

## ----------- ##
## confdefs.h. ##
## ----------- ##

#define PACKAGE_NAME ""
#define PACKAGE_TARNAME ""
#define PACKAGE_VERSION ""
#define PACKAGE_STRING ""
#define PACKAGE_BUGREPORT ""
#define STDC_HEADERS 1
#define HAVE_SYS_TYPES_H 1
#define HAVE_SYS_STAT_H 1
#define HAVE_STDLIB_H 1
#define HAVE_STRING_H 1
#define HAVE_MEMORY_H 1
#define HAVE_STRINGS_H 1
#define HAVE_INTTYPES_H 1
#define HAVE_STDINT_H 1
#define HAVE_UNISTD_H 1
#define XMLByte unsigned char

configure: exit 0
